0 info it worked if it ends with ok
1 verbose cli [ '/Users/baidu/.nvm/v0.10.40/bin/node',
1 verbose cli   '/Users/baidu/.nvm/v0.10.40/bin/npm',
1 verbose cli   'publish' ]
2 info using npm@1.4.28
3 info using node@v0.10.40
4 verbose publish [ '.' ]
5 verbose cache add [ '.', null ]
6 verbose cache add name=undefined spec="." args=[".",null]
7 verbose parsed url { protocol: null,
7 verbose parsed url   slashes: null,
7 verbose parsed url   auth: null,
7 verbose parsed url   host: null,
7 verbose parsed url   port: null,
7 verbose parsed url   hostname: null,
7 verbose parsed url   hash: null,
7 verbose parsed url   search: null,
7 verbose parsed url   query: null,
7 verbose parsed url   pathname: '.',
7 verbose parsed url   path: '.',
7 verbose parsed url   href: '.' }
8 silly lockFile 3a52ce78- .
9 verbose lock . /Users/baidu/.npm/3a52ce78-.lock
10 verbose tar pack [ '/Users/baidu/.npm/fis-lv-publish/1.0.0/package.tgz', '.' ]
11 verbose tarball /Users/baidu/.npm/fis-lv-publish/1.0.0/package.tgz
12 verbose folder .
13 info prepublish fis-lv-publish@1.0.0
14 silly lockFile 1f1177db-tar tar://.
15 verbose lock tar://. /Users/baidu/.npm/1f1177db-tar.lock
16 silly lockFile ce2839ef-fis-lv-publish-1-0-0-package-tgz tar:///Users/baidu/.npm/fis-lv-publish/1.0.0/package.tgz
17 verbose lock tar:///Users/baidu/.npm/fis-lv-publish/1.0.0/package.tgz /Users/baidu/.npm/ce2839ef-fis-lv-publish-1-0-0-package-tgz.lock
18 silly lockFile 1f1177db-tar tar://.
19 silly lockFile 1f1177db-tar tar://.
20 silly lockFile ce2839ef-fis-lv-publish-1-0-0-package-tgz tar:///Users/baidu/.npm/fis-lv-publish/1.0.0/package.tgz
21 silly lockFile ce2839ef-fis-lv-publish-1-0-0-package-tgz tar:///Users/baidu/.npm/fis-lv-publish/1.0.0/package.tgz
22 silly lockFile 08ca8f7a-npm-fis-lv-publish-1-0-0-package /Users/baidu/.npm/fis-lv-publish/1.0.0/package
23 verbose lock /Users/baidu/.npm/fis-lv-publish/1.0.0/package /Users/baidu/.npm/08ca8f7a-npm-fis-lv-publish-1-0-0-package.lock
24 silly lockFile 08ca8f7a-npm-fis-lv-publish-1-0-0-package /Users/baidu/.npm/fis-lv-publish/1.0.0/package
25 silly lockFile 08ca8f7a-npm-fis-lv-publish-1-0-0-package /Users/baidu/.npm/fis-lv-publish/1.0.0/package
26 silly lockFile 3a52ce78- .
27 silly lockFile 3a52ce78- .
28 silly publish { name: 'fis-lv-publish',
28 silly publish   version: '1.0.0',
28 silly publish   description: 'for baidu lv na publish',
28 silly publish   main: 'index.js',
28 silly publish   scripts: { test: 'echo "Error: no test specified" && exit 1' },
28 silly publish   author: '',
28 silly publish   license: 'ISC',
28 silly publish   readme: 'for baidu lv \nfis plugin',
28 silly publish   readmeFilename: 'README.txt',
28 silly publish   _id: 'fis-lv-publish@1.0.0',
28 silly publish   _shasum: '3dd1858b1f71a105e91cd82795f53804fee49e61',
28 silly publish   _from: '.' }
29 verbose request where is /fis-lv-publish
30 verbose request registry https://registry.npmjs.org/
31 verbose request id 36438810f3da82e2
32 verbose url raw /fis-lv-publish
33 verbose url resolving [ 'https://registry.npmjs.org/', './fis-lv-publish' ]
34 verbose url resolved https://registry.npmjs.org/fis-lv-publish
35 verbose request where is https://registry.npmjs.org/fis-lv-publish
36 info trying registry request attempt 1 at 19:33:41
37 http PUT https://registry.npmjs.org/fis-lv-publish
38 http 403 https://registry.npmjs.org/fis-lv-publish
39 verbose headers { 'content-type': 'application/json',
39 verbose headers   'cache-control': 'max-age=60',
39 verbose headers   'content-length': '95',
39 verbose headers   'accept-ranges': 'bytes',
39 verbose headers   date: 'Fri, 21 Aug 2015 11:33:34 GMT',
39 verbose headers   via: '1.1 varnish',
39 verbose headers   connection: 'keep-alive',
39 verbose headers   'x-served-by': 'cache-itm7426-ITM',
39 verbose headers   'x-cache': 'MISS',
39 verbose headers   'x-cache-hits': '0',
39 verbose headers   'x-timer': 'S1440156813.259953,VS0,VE1619' }
40 error publish Failed PUT 403
41 error Error: "You cannot publish over the previously published version 1.0.0." : fis-lv-publish
41 error     at RegClient.<anonymous> (/Users/baidu/.nvm/v0.10.40/lib/node_modules/npm/node_modules/npm-registry-client/lib/request.js:308:14)
41 error     at Request._callback (/Users/baidu/.nvm/v0.10.40/lib/node_modules/npm/node_modules/npm-registry-client/lib/request.js:246:65)
41 error     at Request.self.callback (/Users/baidu/.nvm/v0.10.40/lib/node_modules/npm/node_modules/request/request.js:236:22)
41 error     at Request.emit (events.js:98:17)
41 error     at Request.<anonymous> (/Users/baidu/.nvm/v0.10.40/lib/node_modules/npm/node_modules/request/request.js:1142:14)
41 error     at Request.emit (events.js:117:20)
41 error     at IncomingMessage.<anonymous> (/Users/baidu/.nvm/v0.10.40/lib/node_modules/npm/node_modules/request/request.js:1096:12)
41 error     at IncomingMessage.emit (events.js:117:20)
41 error     at _stream_readable.js:944:16
41 error     at process._tickCallback (node.js:448:13)
42 error If you need help, you may report this *entire* log,
42 error including the npm and node versions, at:
42 error     <http://github.com/npm/npm/issues>
43 error System Darwin 14.4.0
44 error command "/Users/baidu/.nvm/v0.10.40/bin/node" "/Users/baidu/.nvm/v0.10.40/bin/npm" "publish"
45 error cwd /Users/baidu/web/fis-lv-publish
46 error node -v v0.10.40
47 error npm -v 1.4.28
48 verbose exit [ 1, true ]
